<?xml version="1.0" encoding="UTF-8"?>
<!-- Generated by org.testng.reporters.JUnitReportReporter -->
<testsuite hostname="DESKTOP-IM8DVGQ" failures="0" tests="2" name="testng.Asserssion" time="9.814" errors="0" timestamp="2025-01-04T11:17:15 IST" skipped="0">
  <testcase classname="testng.Asserssion" name="login" time="7.664"/>
  <testcase classname="testng.Asserssion" name="logout" time="2.150"/>
</testsuite> <!-- testng.Asserssion -->
